<?xml version="1.0" encoding="UTF-8"?>
<!-- Generated by org.testng.reporters.JUnitXMLReporter -->
<testsuite hostname="SHIKHAPANDEY" failures="1" tests="5" name="Goibibo" time="123.789" errors="0" timestamp="12 Sep 2020 11:55:28 GMT">
  <testcase classname="com.goibibo.testScripts.TC003" name="searchReturnsNoResults" time="16.482"/>
  <testcase classname="com.goibibo.testScripts.TC001" name="defaulPageIsFlightSearch" time="0.039"/>
  <testcase classname="com.goibibo.testScripts.TC002" name="userIsAbleToIntractWithElements" time="17.555">
    <failure type="java.lang.AssertionError" message="expected [true] but found [false]">
      <![CDATA[java.lang.AssertionError: expected [true] but found [false]
	at com.goibibo.testScripts.TC002.userIsAbleToIntractWithElements(TC002.java:33)
	at java.base/java.util.concurrent.FutureTask.run(Unknown Source)
	at java.base/java.util.concurrent.ThreadPoolExecutor.runWorker(Unknown Source)
	at java.base/java.util.concurrent.ThreadPoolExecutor$Worker.run(Unknown Source)
	at java.base/java.lang.Thread.run(Unknown Source)
... Removed 20 stack frames]]>
    </failure>
  </testcase> <!-- userIsAbleToIntractWithElements -->
  <testcase classname="com.goibibo.testScripts.TC004" name="roundTripFlightSearch" time="16.968"/>
  <testcase classname="com.goibibo.testScripts.TC004" name="selectFlights" time="11.107"/>
</testsuite> <!-- Goibibo -->
