<?xml version="1.0" encoding="UTF-8"?>
<testng-results total="5" passed="4" failed="1" skipped="0">
  <reporter-output>
  </reporter-output>
  <suite started-at="2020-09-12T11:53:24Z" name="GoibiboSuite" finished-at="2020-09-12T11:55:28Z" duration-ms="123789">
    <groups>
      <group name="regration">
        <method signature="TC001.defaulPageIsFlightSearch()[pri:0, instance:com.goibibo.testScripts.TC001@1afd44cb]" name="defaulPageIsFlightSearch" class="com.goibibo.testScripts.TC001"/>
        <method signature="TC002.userIsAbleToIntractWithElements()[pri:0, instance:com.goibibo.testScripts.TC002@6973b51b]" name="userIsAbleToIntractWithElements" class="com.goibibo.testScripts.TC002"/>
        <method signature="TC004.roundTripFlightSearch()[pri:1, instance:com.goibibo.testScripts.TC004@192d43ce]" name="roundTripFlightSearch" class="com.goibibo.testScripts.TC004"/>
        <method signature="TC004.selectFlights()[pri:2, instance:com.goibibo.testScripts.TC004@192d43ce]" name="selectFlights" class="com.goibibo.testScripts.TC004"/>
      </group> <!-- regration -->
      <group name="smoke">
        <method signature="TC001.defaulPageIsFlightSearch()[pri:0, instance:com.goibibo.testScripts.TC001@1afd44cb]" name="defaulPageIsFlightSearch" class="com.goibibo.testScripts.TC001"/>
        <method signature="TC003.searchReturnsNoResults()[pri:0, instance:com.goibibo.testScripts.TC003@5f058f00]" name="searchReturnsNoResults" class="com.goibibo.testScripts.TC003"/>
      </group> <!-- smoke -->
    </groups>
    <test started-at="2020-09-12T11:53:24Z" name="Goibibo" finished-at="2020-09-12T11:55:28Z" duration-ms="123789">
      <class name="com.goibibo.testScripts.TC004">
        <test-method is-config="true" signature="beforeMethod()[pri:0, instance:com.goibibo.testScripts.TC004@192d43ce]" started-at="2020-09-12T17:24:46Z" name="beforeMethod" finished-at="2020-09-12T17:24:56Z" duration-ms="9781" status="PASS">
          <reporter-output>
          </reporter-output>
        </test-method> <!-- beforeMethod -->
        <test-method signature="roundTripFlightSearch()[pri:1, instance:com.goibibo.testScripts.TC004@192d43ce]" started-at="2020-09-12T17:24:56Z" name="roundTripFlightSearch" finished-at="2020-09-12T17:25:13Z" duration-ms="16968" status="PASS">
          <reporter-output>
          </reporter-output>
        </test-method> <!-- roundTripFlightSearch -->
        <test-method signature="selectFlights()[pri:2, instance:com.goibibo.testScripts.TC004@192d43ce]" started-at="2020-09-12T17:25:13Z" name="selectFlights" finished-at="2020-09-12T17:25:24Z" depends-on-methods="com.goibibo.testScripts.TC004.roundTripFlightSearch" duration-ms="11107" status="PASS">
          <reporter-output>
          </reporter-output>
        </test-method> <!-- selectFlights -->
        <test-method is-config="true" signature="afterMethod()[pri:0, instance:com.goibibo.testScripts.TC004@192d43ce]" started-at="2020-09-12T17:25:24Z" name="afterMethod" finished-at="2020-09-12T17:25:28Z" duration-ms="4209" status="PASS">
          <reporter-output>
          </reporter-output>
        </test-method> <!-- afterMethod -->
      </class> <!-- com.goibibo.testScripts.TC004 -->
      <class name="com.goibibo.testScripts.TC003">
        <test-method is-config="true" signature="setup()[pri:0, instance:com.goibibo.testScripts.TC003@5f058f00]" started-at="2020-09-12T17:23:24Z" name="setup" finished-at="2020-09-12T17:23:36Z" duration-ms="11988" status="PASS">
          <reporter-output>
          </reporter-output>
        </test-method> <!-- setup -->
        <test-method signature="searchReturnsNoResults()[pri:0, instance:com.goibibo.testScripts.TC003@5f058f00]" started-at="2020-09-12T17:23:36Z" name="searchReturnsNoResults" finished-at="2020-09-12T17:23:53Z" duration-ms="16482" status="PASS">
          <reporter-output>
          </reporter-output>
        </test-method> <!-- searchReturnsNoResults -->
        <test-method is-config="true" signature="tearDown(org.testng.ITestResult)[pri:0, instance:com.goibibo.testScripts.TC003@5f058f00]" started-at="2020-09-12T17:23:53Z" name="tearDown" finished-at="2020-09-12T17:23:57Z" duration-ms="4345" status="PASS">
          <params>
            <param index="0">
              <value>
                <![CDATA[[TestResult name=searchReturnsNoResults status=SUCCESS method=TC003.searchReturnsNoResults()[pri:0, instance:com.goibibo.testScripts.TC003@5f058f00] output={null}]]]>
              </value>
            </param>
          </params>
          <reporter-output>
          </reporter-output>
        </test-method> <!-- tearDown -->
      </class> <!-- com.goibibo.testScripts.TC003 -->
      <class name="com.goibibo.testScripts.TC002">
        <test-method is-config="true" signature="setUp()[pri:0, instance:com.goibibo.testScripts.TC002@6973b51b]" started-at="2020-09-12T17:24:12Z" name="setUp" finished-at="2020-09-12T17:24:23Z" duration-ms="11118" status="PASS">
          <reporter-output>
          </reporter-output>
        </test-method> <!-- setUp -->
        <test-method signature="userIsAbleToIntractWithElements()[pri:0, instance:com.goibibo.testScripts.TC002@6973b51b]" started-at="2020-09-12T17:24:23Z" name="userIsAbleToIntractWithElements" finished-at="2020-09-12T17:24:41Z" duration-ms="17555" status="FAIL">
          <exception class="java.lang.AssertionError">
            <message>
              <![CDATA[expected [true] but found [false]]]>
            </message>
            <full-stacktrace>
              <![CDATA[java.lang.AssertionError: expected [true] but found [false]
	at org.testng.Assert.fail(Assert.java:94)
	at org.testng.Assert.failNotEquals(Assert.java:513)
	at org.testng.Assert.assertTrue(Assert.java:42)
	at org.testng.Assert.assertTrue(Assert.java:52)
	at com.goibibo.testScripts.TC002.userIsAbleToIntractWithElements(TC002.java:33)
	at java.base/jdk.internal.reflect.NativeMethodAccessorImpl.invoke0(Native Method)
	at java.base/jdk.internal.reflect.NativeMethodAccessorImpl.invoke(Unknown Source)
	at java.base/jdk.internal.reflect.DelegatingMethodAccessorImpl.invoke(Unknown Source)
	at java.base/java.lang.reflect.Method.invoke(Unknown Source)
	at org.testng.internal.MethodInvocationHelper.invokeMethod(MethodInvocationHelper.java:86)
	at org.testng.internal.Invoker.invokeMethod(Invoker.java:645)
	at org.testng.internal.Invoker.invokeTestMethod(Invoker.java:822)
	at org.testng.internal.Invoker.invokeTestMethods(Invoker.java:1130)
	at org.testng.internal.TestMethodWorker.invokeTestMethods(TestMethodWorker.java:129)
	at org.testng.internal.TestMethodWorker.run(TestMethodWorker.java:112)
	at org.testng.TestRunner.privateRun(TestRunner.java:782)
	at org.testng.TestRunner.run(TestRunner.java:632)
	at org.testng.SuiteRunner.runTest(SuiteRunner.java:366)
	at org.testng.SuiteRunner.access$000(SuiteRunner.java:39)
	at org.testng.SuiteRunner$SuiteWorker.run(SuiteRunner.java:400)
	at org.testng.internal.thread.ThreadUtil$2.call(ThreadUtil.java:64)
	at java.base/java.util.concurrent.FutureTask.run(Unknown Source)
	at java.base/java.util.concurrent.ThreadPoolExecutor.runWorker(Unknown Source)
	at java.base/java.util.concurrent.ThreadPoolExecutor$Worker.run(Unknown Source)
	at java.base/java.lang.Thread.run(Unknown Source)
]]>
            </full-stacktrace>
          </exception> <!-- java.lang.AssertionError -->
          <reporter-output>
          </reporter-output>
        </test-method> <!-- userIsAbleToIntractWithElements -->
        <test-method is-config="true" signature="tearDown(org.testng.ITestResult)[pri:0, instance:com.goibibo.testScripts.TC002@6973b51b]" started-at="2020-09-12T17:24:41Z" name="tearDown" finished-at="2020-09-12T17:24:46Z" duration-ms="5178" status="PASS">
          <params>
            <param index="0">
              <value>
                <![CDATA[[TestResult name=userIsAbleToIntractWithElements status=FAILURE method=TC002.userIsAbleToIntractWithElements()[pri:0, instance:com.goibibo.testScripts.TC002@6973b51b] output={null}]]]>
              </value>
            </param>
          </params>
          <reporter-output>
          </reporter-output>
        </test-method> <!-- tearDown -->
      </class> <!-- com.goibibo.testScripts.TC002 -->
      <class name="com.goibibo.testScripts.TC001">
        <test-method is-config="true" signature="setUp()[pri:0, instance:com.goibibo.testScripts.TC001@1afd44cb]" started-at="2020-09-12T17:23:57Z" name="setUp" finished-at="2020-09-12T17:24:08Z" duration-ms="10581" status="PASS">
          <reporter-output>
          </reporter-output>
        </test-method> <!-- setUp -->
        <test-method signature="defaulPageIsFlightSearch()[pri:0, instance:com.goibibo.testScripts.TC001@1afd44cb]" started-at="2020-09-12T17:24:08Z" name="defaulPageIsFlightSearch" finished-at="2020-09-12T17:24:08Z" duration-ms="39" status="PASS">
          <reporter-output>
          </reporter-output>
        </test-method> <!-- defaulPageIsFlightSearch -->
        <test-method is-config="true" signature="tearDown(org.testng.ITestResult)[pri:0, instance:com.goibibo.testScripts.TC001@1afd44cb]" started-at="2020-09-12T17:24:08Z" name="tearDown" finished-at="2020-09-12T17:24:12Z" duration-ms="4392" status="PASS">
          <params>
            <param index="0">
              <value>
                <![CDATA[[TestResult name=defaulPageIsFlightSearch status=SUCCESS method=TC001.defaulPageIsFlightSearch()[pri:0, instance:com.goibibo.testScripts.TC001@1afd44cb] output={null}]]]>
              </value>
            </param>
          </params>
          <reporter-output>
          </reporter-output>
        </test-method> <!-- tearDown -->
      </class> <!-- com.goibibo.testScripts.TC001 -->
    </test> <!-- Goibibo -->
  </suite> <!-- GoibiboSuite -->
</testng-results>
